1741295909901:show
1741295911852:list
1741295987704:help addTask
1741296002472:addTask "Add a new code"
1741363631454:addTask help
1741364070929:addTask options
1741364076491:options
1741364090402:addTask
1741364100166:addTask --option
1741364128257:help addTask
1741364145142:help
1741364159190:clear
1741364162536:quit
1741619686902:help
1741619702133:addTask buy milk
1741619865904:help
1741619872303:listTasks
1741619880750:addTask by milk
1741619888035:addTask by eggs
1741619895543:listTasks
1741619953640:addTask by milk
1741619957783:listTasks
1741620043929:addTask buy milk
1741620047971:addTask by eggs
1741620052540:listTasks
1741620159902:addTask "buy milk"
1741620164247:listTasks
1741627895277:help
1741628936874:addTask "buy eggs"
1741628943828:addTask "buy milk"
1741628951683:listTasks
1741628969348:listTasksNotDone
1741629130732:help
1741629138636:add "buy eggs"
1741629142998:add "buy milk"
1741629144603:list
1741629152077:list todo
1741629183607:update 1 "buy a gallon of milk"
1741629187186:list
1741629216167:update 0 "buy dozen eggs for tucker"
1741629218817:list
1741630601768:quit
1741630736957:help
1741630744074:add "buy eggs"
1741630749407:list
1741630754497:delete 0
1741630758387:list
1741631599862:help
1741631605664:add "buy eggs"
1741631617376:update 0 "buy a dozen eggs"
1741631620125:list
1741631640366:list todo
1741631654527:mark-in-progress 0
1741631657546:list
1741631666280:list todo
1741631670709:delete 0
1741631672425:list
1741631762473:done 1
1741631766504:list
1741631771746:help
1741632169465:list
1741632173887:delete 0
1741632178438:update 1
1741632183254:update 0
1741632193413:mark-in-progress 1
1741632195480:dsdf
1741632207581:add "buy eggs"
1741632209988:list
1741632220823:update 0 "buy 6 eggs"
1741632222768:list
1741632238691:mark-in-progress 0
1741632240956:list
1741632244919:list todo
1741632261028:list done
1741632416027:help
1741632418885:clear
1741632425302:list
1741632430706:list done
1741632492333:add "buy eggs"
1741632496428:add"buy milk"
1741632502577:add "buy milk"
1741632509829:add "buy paste"
1741632514993:buy "onions"
1741632524748:add "buy onions"
1741632531746:add "buy gas"
1741632533829:list
1741632545381:update 0 "buy 6 eggs"
1741632548536:list
1741632561088:mark-in-progress 0
1741632562648:list
1741632624490:mark-in-progress 0
1741632626726:list
1741632714452:add "buy eggs"
1741632721772:add "buy milk"
1741632726806:add "buy paste"
1741632729300:list
1741632740472:update 0 "buy 6 eggs"
1741632743642:list
1741632761429:mark-in-progress 0
1741632763821:list
1741632773531:done 3
1741632775934:done 2
1741632777481:list
1741632787524:list done
1741632795056:list mark-in-progress
1741632798846:list todo
1741632807951:quit
1741701243843:help
1741701247452:list
1741701256660:add "buy milk"
1741701278117:list
1741701476417:add "milk"
1741701591239:add "buy m,ilk"
1741701808507:list
1741701814904:add "buy milk"
1741701834658:list
1741701848744:add "buy milk"
1741701863890:list
1741701959102:add "buy milk"
1741701968541:list
1741702055438:add "buy eggs"
1741702122079:list
1741702126997:add "buy milk"
1741702129587:list
1741702286174:add "buy eggs"
1741702288366:list
1741702353203:list todo
1741702364761:list
1741702458652:buy "red"
1741702463231:add "red"
1741702485329:add "orange"
1741702512349:list
1741702526102:add "buy 12 eggs"
1741702537053:add "buy milk"
1741702555643:add "buy eggs"
1741702568815:listr
1741702570496:list
1741702661574:add "buy milk"
1741702688659:list
1741702695488:add "buy eggs"
1741702697757:list
1741702872491:add "buy milk"
1741702891227:list
1741702942122:add "buy dozen eggs"
1741703076973:list
1741703085360:add "cats"
1741703102284:list
1741703113545:add "gee"
1741703115761:list
1741703121236:add "fan"
1741703124839:list
1741706414708:list todo
1741706423760:update 0 "ghee"
1741706425497:list
1741706462156:add "diapers"
1741706535382:lit
1741706536980:list
1741706547178:update 0 "ghee"
1741706811756:list
1741706820533:update 0 "ghee"
1741706860930:mark-in-progress 0
1741707434272:list
1741707438435:help
1741707442481:done 0
1741707444660:list
1741707463270:list todo
1741707467674:list done
1741707473868:mark-in-progress 1
1741707478844:list todo
1741707484932:list mark-in-progress
1741713691753:clear
1741713699836:list
1741713708203:help
1741713717109:add "buy fruits"
1741713719872:list
1741713799293:list todo
1741713816680:list mark-in-progress
1741713829664:list done
1741713898966:list mark-in-progress
1741713929939:list done
1741713936850:list mark-in-progress
1741714005191:list done
1741714043116:list in-progress
1741714047060:help
1741714064093:mark-in-progress 2
1741714066022:list
1741714490708:delete 0
1741714502895:delete 1
1741714505174:delete 2
1741714511938:list
